<?xml version="1.0" encoding="UTF-8"?>
<!-- Generated by org.testng.reporters.JUnitXMLReporter -->
<testsuite ignored="0" hostname="VASANTH" failures="0" tests="3" name="Test" time="29.388" errors="0" timestamp="2025-07-24T13:26:08 IST">
  <testcase classname="testng.TestScript3" name="clickOnElectronics" time="0.703"/>
  <testcase classname="testng.TestScript2" name="clickOnComputer" time="0.704"/>
  <testcase classname="testng.TestScript1" name="clickOnBooks" time="0.956"/>
</testsuite> <!-- Test -->
